<?xml version="1.0" encoding="UTF-8" ?>
<testsuite errors="0" failures="0" hostname="LAPTOP-DVSCGDVO" name="junit.TestCalculator" skipped="0" tests="5" time="0.038" timestamp="2023-11-28T02:03:14">
  <properties>
[...]
</properties>
  <testcase classname="junit.TestCalculator" name="testDivideByZero" time="0.015" />
  <testcase classname="junit.TestCalculator" name="testAdd" time="0.0" />
  <testcase classname="junit.TestCalculator" name="testSubtract" time="0.0" />
  <testcase classname="junit.TestCalculator" name="testDivide" time="0.0" />
  <testcase classname="junit.TestCalculator" name="testMultiply" time="0.0" />
  <system-out><![CDATA[]]></system-out>
  <system-err><![CDATA[]]></system-err>
</testsuite>
